INFO:sim:172 - Generating IP...
Applying current project options...
Finished applying current project options.
WARNING:sim - A core named 'rom_font' already exists in the project. Output
   products for this core may be overwritten.
Resolving generics for 'rom_font'...
WARNING:sim - A core named 'rom_font' already exists in the project. Output
   products for this core may be overwritten.
Applying external generics to 'rom_font'...
Delivering associated files for 'rom_font'...
Delivering EJava files for 'rom_font'...
Generating implementation netlist for 'rom_font'...
INFO:sim - Pre-processing HDL files for 'rom_font'...
Running synthesis for 'rom_font'
Running ngcbuild...
Writing VEO instantiation template for 'rom_font'...
Writing Verilog behavioral simulation model for 'rom_font'...
WARNING:sim - Overwriting existing file
   /home/andy/Documents/Projects/Retrocomp/ZX-Spectrum/karabas-go/karabas-go-cor
   e-nes/src/ipcore_dir/tmp/_cg/rom_font/doc/blk_mem_gen_v7_3_vinfo.html with
   file from view xilinx_documentation
Delivered 1 file into directory
/home/andy/Documents/Projects/Retrocomp/ZX-Spectrum/karabas-go/karabas-go-core-n
es/src/ipcore_dir/tmp/_cg/rom_font
Generating ASY schematic symbol...
INFO:sim:949 - Finished generation of ASY schematic symbol.
Generating SYM schematic symbol for 'rom_font'...
Generating metadata file...
Regenerating ISE project file for 'rom_font'...
Generating ISE project...
XCO file found: rom_font.xco
XMDF file found: rom_font_xmdf.tcl
Adding
/home/andy/Documents/Projects/Retrocomp/ZX-Spectrum/karabas-go/karabas-go-core-n
es/src/ipcore_dir/tmp/_cg/rom_font.asy -view all -origin_type imported
Adding
/home/andy/Documents/Projects/Retrocomp/ZX-Spectrum/karabas-go/karabas-go-core-n
es/src/ipcore_dir/tmp/_cg/rom_font.ngc -view all -origin_type created
Checking file
"/home/andy/Documents/Projects/Retrocomp/ZX-Spectrum/karabas-go/karabas-go-core-
nes/src/ipcore_dir/tmp/_cg/rom_font.ngc" for project device match ...
File
"/home/andy/Documents/Projects/Retrocomp/ZX-Spectrum/karabas-go/karabas-go-core-
nes/src/ipcore_dir/tmp/_cg/rom_font.ngc" device information matches project
device.
Adding
/home/andy/Documents/Projects/Retrocomp/ZX-Spectrum/karabas-go/karabas-go-core-n
es/src/ipcore_dir/tmp/_cg/rom_font.sym -view all -origin_type imported
Adding
/home/andy/Documents/Projects/Retrocomp/ZX-Spectrum/karabas-go/karabas-go-core-n
es/src/ipcore_dir/tmp/_cg/rom_font.v -view all -origin_type created
INFO:HDLCompiler:1845 - Analyzing Verilog file
   "/home/andy/Documents/Projects/Retrocomp/ZX-Spectrum/karabas-go/karabas-go-co
   re-nes/src/ipcore_dir/tmp/_cg/rom_font.v" into library work
INFO:ProjectMgmt - Parsing design hierarchy completed successfully.
Adding
/home/andy/Documents/Projects/Retrocomp/ZX-Spectrum/karabas-go/karabas-go-core-n
es/src/ipcore_dir/tmp/_cg/rom_font.veo -view all -origin_type imported
INFO:TclTasksC:2116 - The automatic calculation of top has been turned-off.
   Please set the new top explicitly by running the "project set top" command.
   To re-calculate the new top automatically, set the "Auto Implementation Top"
   property to true.
Top level has been set to "/rom_font"
Generating README file...
Generating FLIST file...
INFO:sim:948 - Finished FLIST file generation.
Launching README viewer...
Moving files to output directory...
Finished moving files to output directory
Wrote CGP file for project 'rom_font'.
